[2022-07-21 00:55:28,253] {manager.py:480} INFO - Processing files using up to 2 processes at a time 
[2022-07-21 00:55:28,257] {manager.py:481} INFO - Process each file at most once every 30 seconds
[2022-07-21 00:55:28,257] {manager.py:483} INFO - Checking for new files in /opt/airflow/dags every 300 seconds
[2022-07-21 00:55:28,257] {manager.py:690} INFO - Searching for files in /opt/airflow/dags
[2022-07-21 00:55:28,259] {manager.py:693} INFO - There are 1 files in /opt/airflow/dags
[2022-07-21 00:55:28,318] {manager.py:809} INFO - 
================================================================================
DAG File Processing Stats

File Path                             PID  Runtime      # DAGs    # Errors  Last Runtime    Last Run
----------------------------------  -----  ---------  --------  ----------  --------------  ----------
/opt/airflow/dags/process_files.py     73  0.01s             0           0
================================================================================
[2022-07-21 00:55:58,365] {manager.py:809} INFO - 
================================================================================
DAG File Processing Stats

File Path                           PID    Runtime      # DAGs    # Errors  Last Runtime    Last Run
----------------------------------  -----  ---------  --------  ----------  --------------  -------------------
/opt/airflow/dags/process_files.py                           1           0  0.44s           2022-07-21T00:55:28
================================================================================
[2022-07-21 00:56:28,853] {manager.py:809} INFO - 
================================================================================
DAG File Processing Stats

File Path                           PID    Runtime      # DAGs    # Errors  Last Runtime    Last Run
----------------------------------  -----  ---------  --------  ----------  --------------  -------------------
/opt/airflow/dags/process_files.py                           1           0  0.11s           2022-07-21T00:55:58
================================================================================
[2022-07-21 00:56:58,990] {manager.py:809} INFO - 
================================================================================
DAG File Processing Stats

File Path                           PID    Runtime      # DAGs    # Errors  Last Runtime    Last Run
----------------------------------  -----  ---------  --------  ----------  --------------  -------------------
/opt/airflow/dags/process_files.py                           1           0  0.10s           2022-07-21T00:56:29
================================================================================
[2022-07-21 00:57:29,130] {manager.py:809} INFO - 
================================================================================
DAG File Processing Stats

File Path                           PID    Runtime      # DAGs    # Errors  Last Runtime    Last Run
----------------------------------  -----  ---------  --------  ----------  --------------  -------------------
/opt/airflow/dags/process_files.py                           1           0  0.10s           2022-07-21T00:56:59
================================================================================
[2022-07-21 00:57:59,258] {manager.py:809} INFO - 
================================================================================
DAG File Processing Stats

File Path                           PID    Runtime      # DAGs    # Errors  Last Runtime    Last Run
----------------------------------  -----  ---------  --------  ----------  --------------  -------------------
/opt/airflow/dags/process_files.py                           1           0  0.10s           2022-07-21T00:57:29
================================================================================
[2022-07-21 00:58:29,396] {manager.py:809} INFO - 
================================================================================
DAG File Processing Stats

File Path                           PID    Runtime      # DAGs    # Errors  Last Runtime    Last Run
----------------------------------  -----  ---------  --------  ----------  --------------  -------------------
/opt/airflow/dags/process_files.py                           1           0  0.10s           2022-07-21T00:57:59
================================================================================
[2022-07-21 00:58:59,521] {manager.py:809} INFO - 
================================================================================
DAG File Processing Stats

File Path                           PID    Runtime      # DAGs    # Errors  Last Runtime    Last Run
----------------------------------  -----  ---------  --------  ----------  --------------  -------------------
/opt/airflow/dags/process_files.py                           1           0  0.09s           2022-07-21T00:58:29
================================================================================
[2022-07-21 00:59:29,655] {manager.py:809} INFO - 
================================================================================
DAG File Processing Stats

File Path                           PID    Runtime      # DAGs    # Errors  Last Runtime    Last Run
----------------------------------  -----  ---------  --------  ----------  --------------  -------------------
/opt/airflow/dags/process_files.py                           1           0  0.10s           2022-07-21T00:58:59
================================================================================
[2022-07-21 00:59:59,767] {manager.py:809} INFO - 
================================================================================
DAG File Processing Stats

File Path                           PID    Runtime      # DAGs    # Errors  Last Runtime    Last Run
----------------------------------  -----  ---------  --------  ----------  --------------  -------------------
/opt/airflow/dags/process_files.py                           1           0  0.47s           2022-07-21T00:59:30
================================================================================
[2022-07-21 01:00:28,292] {manager.py:690} INFO - Searching for files in /opt/airflow/dags
[2022-07-21 01:00:28,293] {manager.py:693} INFO - There are 1 files in /opt/airflow/dags
[2022-07-21 01:00:30,306] {manager.py:809} INFO - 
================================================================================
DAG File Processing Stats

File Path                           PID    Runtime      # DAGs    # Errors  Last Runtime    Last Run
----------------------------------  -----  ---------  --------  ----------  --------------  -------------------
/opt/airflow/dags/process_files.py                           1           0  0.10s           2022-07-21T01:00:00
================================================================================
[2022-07-21 01:01:00,430] {manager.py:809} INFO - 
================================================================================
DAG File Processing Stats

File Path                           PID    Runtime      # DAGs    # Errors  Last Runtime    Last Run
----------------------------------  -----  ---------  --------  ----------  --------------  -------------------
/opt/airflow/dags/process_files.py                           1           0  0.11s           2022-07-21T01:00:30
================================================================================
[2022-07-21 01:01:30,566] {manager.py:809} INFO - 
================================================================================
DAG File Processing Stats

File Path                           PID    Runtime      # DAGs    # Errors  Last Runtime    Last Run
----------------------------------  -----  ---------  --------  ----------  --------------  -------------------
/opt/airflow/dags/process_files.py                           1           0  0.10s           2022-07-21T01:01:00
================================================================================
[2022-07-21 01:02:00,701] {manager.py:809} INFO - 
================================================================================
DAG File Processing Stats

File Path                           PID    Runtime      # DAGs    # Errors  Last Runtime    Last Run
----------------------------------  -----  ---------  --------  ----------  --------------  -------------------
/opt/airflow/dags/process_files.py                           1           0  0.11s           2022-07-21T01:01:30
================================================================================
[2022-07-21 01:02:30,845] {manager.py:809} INFO - 
================================================================================
DAG File Processing Stats

File Path                           PID    Runtime      # DAGs    # Errors  Last Runtime    Last Run
----------------------------------  -----  ---------  --------  ----------  --------------  -------------------
/opt/airflow/dags/process_files.py                           1           0  0.11s           2022-07-21T01:02:00
================================================================================
[2022-07-21 01:03:00,984] {manager.py:809} INFO - 
================================================================================
DAG File Processing Stats

File Path                           PID    Runtime      # DAGs    # Errors  Last Runtime    Last Run
----------------------------------  -----  ---------  --------  ----------  --------------  -------------------
/opt/airflow/dags/process_files.py                           1           0  0.10s           2022-07-21T01:02:31
================================================================================
[2022-07-21 01:03:31,121] {manager.py:809} INFO - 
================================================================================
DAG File Processing Stats

File Path                           PID    Runtime      # DAGs    # Errors  Last Runtime    Last Run
----------------------------------  -----  ---------  --------  ----------  --------------  -------------------
/opt/airflow/dags/process_files.py                           1           0  0.10s           2022-07-21T01:03:01
================================================================================
[2022-07-21 01:04:01,249] {manager.py:809} INFO - 
================================================================================
DAG File Processing Stats

File Path                           PID    Runtime      # DAGs    # Errors  Last Runtime    Last Run
----------------------------------  -----  ---------  --------  ----------  --------------  -------------------
/opt/airflow/dags/process_files.py                           1           0  0.11s           2022-07-21T01:03:31
================================================================================
[2022-07-21 01:04:31,391] {manager.py:809} INFO - 
================================================================================
DAG File Processing Stats

File Path                           PID    Runtime      # DAGs    # Errors  Last Runtime    Last Run
----------------------------------  -----  ---------  --------  ----------  --------------  -------------------
/opt/airflow/dags/process_files.py                           1           0  0.10s           2022-07-21T01:04:01
================================================================================
[2022-07-21 01:05:01,532] {manager.py:809} INFO - 
================================================================================
DAG File Processing Stats

File Path                           PID    Runtime      # DAGs    # Errors  Last Runtime    Last Run
----------------------------------  -----  ---------  --------  ----------  --------------  -------------------
/opt/airflow/dags/process_files.py                           1           0  0.12s           2022-07-21T01:04:31
================================================================================
[2022-07-21 01:05:28,670] {manager.py:690} INFO - Searching for files in /opt/airflow/dags
[2022-07-21 01:05:28,672] {manager.py:693} INFO - There are 1 files in /opt/airflow/dags
[2022-07-21 01:05:31,687] {manager.py:809} INFO - 
================================================================================
DAG File Processing Stats

File Path                           PID    Runtime      # DAGs    # Errors  Last Runtime    Last Run
----------------------------------  -----  ---------  --------  ----------  --------------  -------------------
/opt/airflow/dags/process_files.py                           1           0  0.10s           2022-07-21T01:05:01
================================================================================
[2022-07-21 01:06:01,806] {manager.py:809} INFO - 
================================================================================
DAG File Processing Stats

File Path                           PID    Runtime      # DAGs    # Errors  Last Runtime    Last Run
----------------------------------  -----  ---------  --------  ----------  --------------  -------------------
/opt/airflow/dags/process_files.py                           1           0  0.10s           2022-07-21T01:05:31
================================================================================
[2022-07-21 01:06:31,939] {manager.py:809} INFO - 
================================================================================
DAG File Processing Stats

File Path                           PID    Runtime      # DAGs    # Errors  Last Runtime    Last Run
----------------------------------  -----  ---------  --------  ----------  --------------  -------------------
/opt/airflow/dags/process_files.py                           1           0  0.09s           2022-07-21T01:06:01
================================================================================
[2022-07-21 01:07:02,064] {manager.py:809} INFO - 
================================================================================
DAG File Processing Stats

File Path                           PID    Runtime      # DAGs    # Errors  Last Runtime    Last Run
----------------------------------  -----  ---------  --------  ----------  --------------  -------------------
/opt/airflow/dags/process_files.py                           1           0  0.10s           2022-07-21T01:06:32
================================================================================
[2022-07-21 01:07:32,198] {manager.py:809} INFO - 
================================================================================
DAG File Processing Stats

File Path                           PID    Runtime      # DAGs    # Errors  Last Runtime    Last Run
----------------------------------  -----  ---------  --------  ----------  --------------  -------------------
/opt/airflow/dags/process_files.py                           1           0  0.10s           2022-07-21T01:07:02
================================================================================
[2022-07-21 01:08:02,326] {manager.py:809} INFO - 
================================================================================
DAG File Processing Stats

File Path                           PID    Runtime      # DAGs    # Errors  Last Runtime    Last Run
----------------------------------  -----  ---------  --------  ----------  --------------  -------------------
/opt/airflow/dags/process_files.py                           1           0  0.10s           2022-07-21T01:07:32
================================================================================
[2022-07-21 01:08:32,465] {manager.py:809} INFO - 
================================================================================
DAG File Processing Stats

File Path                           PID    Runtime      # DAGs    # Errors  Last Runtime    Last Run
----------------------------------  -----  ---------  --------  ----------  --------------  -------------------
/opt/airflow/dags/process_files.py                           1           0  0.12s           2022-07-21T01:08:02
================================================================================
[2022-07-21 01:09:02,620] {manager.py:809} INFO - 
================================================================================
DAG File Processing Stats

File Path                           PID    Runtime      # DAGs    # Errors  Last Runtime    Last Run
----------------------------------  -----  ---------  --------  ----------  --------------  -------------------
/opt/airflow/dags/process_files.py                           1           0  0.10s           2022-07-21T01:08:32
================================================================================
[2022-07-21 01:09:32,759] {manager.py:809} INFO - 
================================================================================
DAG File Processing Stats

File Path                           PID    Runtime      # DAGs    # Errors  Last Runtime    Last Run
----------------------------------  -----  ---------  --------  ----------  --------------  -------------------
/opt/airflow/dags/process_files.py                           1           0  0.10s           2022-07-21T01:09:02
================================================================================
[2022-07-21 01:10:02,893] {manager.py:809} INFO - 
================================================================================
DAG File Processing Stats

File Path                           PID    Runtime      # DAGs    # Errors  Last Runtime    Last Run
----------------------------------  -----  ---------  --------  ----------  --------------  -------------------
/opt/airflow/dags/process_files.py                           1           0  0.11s           2022-07-21T01:09:32
================================================================================
[2022-07-21 01:10:29,028] {manager.py:690} INFO - Searching for files in /opt/airflow/dags
[2022-07-21 01:10:29,030] {manager.py:693} INFO - There are 1 files in /opt/airflow/dags
[2022-07-21 01:10:33,056] {manager.py:809} INFO - 
================================================================================
DAG File Processing Stats

File Path                           PID    Runtime      # DAGs    # Errors  Last Runtime    Last Run
----------------------------------  -----  ---------  --------  ----------  --------------  -------------------
/opt/airflow/dags/process_files.py                           1           0  0.13s           2022-07-21T01:10:03
================================================================================
[2022-07-21 01:11:03,215] {manager.py:809} INFO - 
================================================================================
DAG File Processing Stats

File Path                           PID    Runtime      # DAGs    # Errors  Last Runtime    Last Run
----------------------------------  -----  ---------  --------  ----------  --------------  -------------------
/opt/airflow/dags/process_files.py                           1           0  0.18s           2022-07-21T01:10:33
================================================================================
[2022-07-21 01:11:33,441] {manager.py:809} INFO - 
================================================================================
DAG File Processing Stats

File Path                           PID    Runtime      # DAGs    # Errors  Last Runtime    Last Run
----------------------------------  -----  ---------  --------  ----------  --------------  -------------------
/opt/airflow/dags/process_files.py                           1           0  0.16s           2022-07-21T01:11:03
================================================================================
[2022-07-21 01:12:03,712] {manager.py:809} INFO - 
================================================================================
DAG File Processing Stats

File Path                           PID    Runtime      # DAGs    # Errors  Last Runtime    Last Run
----------------------------------  -----  ---------  --------  ----------  --------------  -------------------
/opt/airflow/dags/process_files.py                           1           0  0.12s           2022-07-21T01:11:53
================================================================================
[2022-07-21 01:12:33,834] {manager.py:809} INFO - 
================================================================================
DAG File Processing Stats

File Path                           PID    Runtime      # DAGs    # Errors  Last Runtime    Last Run
----------------------------------  -----  ---------  --------  ----------  --------------  -------------------
/opt/airflow/dags/process_files.py                           1           0  0.10s           2022-07-21T01:12:23
================================================================================
[2022-07-21 01:13:03,967] {manager.py:809} INFO - 
================================================================================
DAG File Processing Stats

File Path                           PID    Runtime      # DAGs    # Errors  Last Runtime    Last Run
----------------------------------  -----  ---------  --------  ----------  --------------  -------------------
/opt/airflow/dags/process_files.py                           1           0  0.11s           2022-07-21T01:12:54
================================================================================
[2022-07-21 01:13:34,115] {manager.py:809} INFO - 
================================================================================
DAG File Processing Stats

File Path                           PID    Runtime      # DAGs    # Errors  Last Runtime    Last Run
----------------------------------  -----  ---------  --------  ----------  --------------  -------------------
/opt/airflow/dags/process_files.py                           1           0  0.11s           2022-07-21T01:13:24
================================================================================
[2022-07-21 01:14:04,252] {manager.py:809} INFO - 
================================================================================
DAG File Processing Stats

File Path                           PID    Runtime      # DAGs    # Errors  Last Runtime    Last Run
----------------------------------  -----  ---------  --------  ----------  --------------  -------------------
/opt/airflow/dags/process_files.py                           1           0  0.11s           2022-07-21T01:13:54
================================================================================
[2022-07-21 01:14:34,402] {manager.py:809} INFO - 
================================================================================
DAG File Processing Stats

File Path                           PID    Runtime      # DAGs    # Errors  Last Runtime    Last Run
----------------------------------  -----  ---------  --------  ----------  --------------  -------------------
/opt/airflow/dags/process_files.py                           1           0  0.09s           2022-07-21T01:14:24
================================================================================
[2022-07-21 01:15:04,527] {manager.py:809} INFO - 
================================================================================
DAG File Processing Stats

File Path                           PID    Runtime      # DAGs    # Errors  Last Runtime    Last Run
----------------------------------  -----  ---------  --------  ----------  --------------  -------------------
/opt/airflow/dags/process_files.py                           1           0  0.11s           2022-07-21T01:14:54
================================================================================
[2022-07-21 01:15:29,661] {manager.py:690} INFO - Searching for files in /opt/airflow/dags
[2022-07-21 01:15:29,663] {manager.py:693} INFO - There are 1 files in /opt/airflow/dags
[2022-07-21 01:15:34,684] {manager.py:809} INFO - 
================================================================================
DAG File Processing Stats

File Path                           PID    Runtime      # DAGs    # Errors  Last Runtime    Last Run
----------------------------------  -----  ---------  --------  ----------  --------------  -------------------
/opt/airflow/dags/process_files.py                           1           0  0.10s           2022-07-21T01:15:24
================================================================================
[2022-07-21 01:16:04,810] {manager.py:809} INFO - 
================================================================================
DAG File Processing Stats

File Path                           PID    Runtime      # DAGs    # Errors  Last Runtime    Last Run
----------------------------------  -----  ---------  --------  ----------  --------------  -------------------
/opt/airflow/dags/process_files.py                           1           0  0.14s           2022-07-21T01:15:54
================================================================================
[2022-07-21 01:16:34,994] {manager.py:809} INFO - 
================================================================================
DAG File Processing Stats

File Path                           PID    Runtime      # DAGs    # Errors  Last Runtime    Last Run
----------------------------------  -----  ---------  --------  ----------  --------------  -------------------
/opt/airflow/dags/process_files.py                           1           0  0.16s           2022-07-21T01:16:25
================================================================================
[2022-07-21 01:17:05,187] {manager.py:809} INFO - 
================================================================================
DAG File Processing Stats

File Path                           PID    Runtime      # DAGs    # Errors  Last Runtime    Last Run
----------------------------------  -----  ---------  --------  ----------  --------------  -------------------
/opt/airflow/dags/process_files.py                           1           0  0.10s           2022-07-21T01:16:55
================================================================================
[2022-07-21 01:17:35,320] {manager.py:809} INFO - 
================================================================================
DAG File Processing Stats

File Path                           PID    Runtime      # DAGs    # Errors  Last Runtime    Last Run
----------------------------------  -----  ---------  --------  ----------  --------------  -------------------
/opt/airflow/dags/process_files.py                           1           0  0.10s           2022-07-21T01:17:25
================================================================================
[2022-07-21 01:18:05,446] {manager.py:809} INFO - 
================================================================================
DAG File Processing Stats

File Path                           PID    Runtime      # DAGs    # Errors  Last Runtime    Last Run
----------------------------------  -----  ---------  --------  ----------  --------------  -------------------
/opt/airflow/dags/process_files.py                           1           0  0.09s           2022-07-21T01:17:55
================================================================================
[2022-07-21 01:18:35,577] {manager.py:809} INFO - 
================================================================================
DAG File Processing Stats

File Path                           PID    Runtime      # DAGs    # Errors  Last Runtime    Last Run
----------------------------------  -----  ---------  --------  ----------  --------------  -------------------
/opt/airflow/dags/process_files.py                           1           0  0.10s           2022-07-21T01:18:25
================================================================================
[2022-07-21 01:19:05,713] {manager.py:809} INFO - 
================================================================================
DAG File Processing Stats

File Path                           PID    Runtime      # DAGs    # Errors  Last Runtime    Last Run
----------------------------------  -----  ---------  --------  ----------  --------------  -------------------
/opt/airflow/dags/process_files.py                           1           0  0.15s           2022-07-21T01:18:55
================================================================================
[2022-07-21 01:19:35,909] {manager.py:809} INFO - 
================================================================================
DAG File Processing Stats

File Path                           PID    Runtime      # DAGs    # Errors  Last Runtime    Last Run
----------------------------------  -----  ---------  --------  ----------  --------------  -------------------
/opt/airflow/dags/process_files.py                           1           0  0.11s           2022-07-21T01:19:25
================================================================================
[2022-07-21 01:20:06,048] {manager.py:809} INFO - 
================================================================================
DAG File Processing Stats

File Path                           PID    Runtime      # DAGs    # Errors  Last Runtime    Last Run
----------------------------------  -----  ---------  --------  ----------  --------------  -------------------
/opt/airflow/dags/process_files.py                           1           0  0.10s           2022-07-21T01:19:56
================================================================================
[2022-07-21 01:20:30,172] {manager.py:690} INFO - Searching for files in /opt/airflow/dags
[2022-07-21 01:20:30,174] {manager.py:693} INFO - There are 1 files in /opt/airflow/dags
[2022-07-21 01:20:36,200] {manager.py:809} INFO - 
================================================================================
DAG File Processing Stats

File Path                           PID    Runtime      # DAGs    # Errors  Last Runtime    Last Run
----------------------------------  -----  ---------  --------  ----------  --------------  -------------------
/opt/airflow/dags/process_files.py                           1           0  0.14s           2022-07-21T01:20:26
================================================================================
[2022-07-21 01:21:06,357] {manager.py:809} INFO - 
================================================================================
DAG File Processing Stats

File Path                           PID    Runtime      # DAGs    # Errors  Last Runtime    Last Run
----------------------------------  -----  ---------  --------  ----------  --------------  -------------------
/opt/airflow/dags/process_files.py                           1           0  0.11s           2022-07-21T01:20:56
================================================================================
[2022-07-21 01:21:36,523] {manager.py:809} INFO - 
================================================================================
DAG File Processing Stats

File Path                           PID    Runtime      # DAGs    # Errors  Last Runtime    Last Run
----------------------------------  -----  ---------  --------  ----------  --------------  -------------------
/opt/airflow/dags/process_files.py                           1           0  0.12s           2022-07-21T01:21:26
================================================================================
[2022-07-21 01:22:06,652] {manager.py:809} INFO - 
================================================================================
DAG File Processing Stats

File Path                           PID    Runtime      # DAGs    # Errors  Last Runtime    Last Run
----------------------------------  -----  ---------  --------  ----------  --------------  -------------------
/opt/airflow/dags/process_files.py                           1           0  0.10s           2022-07-21T01:21:56
================================================================================
[2022-07-21 01:22:36,782] {manager.py:809} INFO - 
================================================================================
DAG File Processing Stats

File Path                           PID    Runtime      # DAGs    # Errors  Last Runtime    Last Run
----------------------------------  -----  ---------  --------  ----------  --------------  -------------------
/opt/airflow/dags/process_files.py                           1           0  0.10s           2022-07-21T01:22:26
================================================================================
[2022-07-21 01:23:06,909] {manager.py:809} INFO - 
================================================================================
DAG File Processing Stats

File Path                           PID    Runtime      # DAGs    # Errors  Last Runtime    Last Run
----------------------------------  -----  ---------  --------  ----------  --------------  -------------------
/opt/airflow/dags/process_files.py                           1           0  0.09s           2022-07-21T01:22:56
================================================================================
[2022-07-21 01:23:37,039] {manager.py:809} INFO - 
================================================================================
DAG File Processing Stats

File Path                           PID    Runtime      # DAGs    # Errors  Last Runtime    Last Run
----------------------------------  -----  ---------  --------  ----------  --------------  -------------------
/opt/airflow/dags/process_files.py                           1           0  0.12s           2022-07-21T01:23:27
================================================================================
[2022-07-21 01:24:07,202] {manager.py:809} INFO - 
================================================================================
DAG File Processing Stats

File Path                           PID    Runtime      # DAGs    # Errors  Last Runtime    Last Run
----------------------------------  -----  ---------  --------  ----------  --------------  -------------------
/opt/airflow/dags/process_files.py                           1           0  0.12s           2022-07-21T01:23:57
================================================================================
[2022-07-21 01:24:37,343] {manager.py:809} INFO - 
================================================================================
DAG File Processing Stats

File Path                           PID    Runtime      # DAGs    # Errors  Last Runtime    Last Run
----------------------------------  -----  ---------  --------  ----------  --------------  -------------------
/opt/airflow/dags/process_files.py                           1           0  0.11s           2022-07-21T01:24:27
================================================================================
[2022-07-21 01:25:07,483] {manager.py:809} INFO - 
================================================================================
DAG File Processing Stats

File Path                           PID    Runtime      # DAGs    # Errors  Last Runtime    Last Run
----------------------------------  -----  ---------  --------  ----------  --------------  -------------------
/opt/airflow/dags/process_files.py                           1           0  0.13s           2022-07-21T01:24:57
================================================================================
[2022-07-21 01:25:30,634] {manager.py:690} INFO - Searching for files in /opt/airflow/dags
[2022-07-21 01:25:30,635] {manager.py:693} INFO - There are 1 files in /opt/airflow/dags
[2022-07-21 01:25:37,743] {manager.py:809} INFO - 
================================================================================
DAG File Processing Stats

File Path                           PID    Runtime      # DAGs    # Errors  Last Runtime    Last Run
----------------------------------  -----  ---------  --------  ----------  --------------  -------------------
/opt/airflow/dags/process_files.py                           1           0  0.26s           2022-07-21T01:25:32
================================================================================
[2022-07-21 01:26:08,047] {manager.py:809} INFO - 
================================================================================
DAG File Processing Stats

File Path                           PID    Runtime      # DAGs    # Errors  Last Runtime    Last Run
----------------------------------  -----  ---------  --------  ----------  --------------  -------------------
/opt/airflow/dags/process_files.py                           1           0  0.21s           2022-07-21T01:26:03
================================================================================
[2022-07-21 01:26:38,303] {manager.py:809} INFO - 
================================================================================
DAG File Processing Stats

File Path                           PID    Runtime      # DAGs    # Errors  Last Runtime    Last Run
----------------------------------  -----  ---------  --------  ----------  --------------  -------------------
/opt/airflow/dags/process_files.py                           1           0  0.23s           2022-07-21T01:26:29
================================================================================
[2022-07-21 01:27:08,381] {manager.py:809} INFO - 
================================================================================
DAG File Processing Stats

File Path                           PID    Runtime      # DAGs    # Errors  Last Runtime    Last Run
----------------------------------  -----  ---------  --------  ----------  --------------  -------------------
/opt/airflow/dags/process_files.py                           1           0  0.32s           2022-07-21T01:26:59
================================================================================
[2022-07-21 01:27:38,748] {manager.py:809} INFO - 
================================================================================
DAG File Processing Stats

File Path                           PID    Runtime      # DAGs    # Errors  Last Runtime    Last Run
----------------------------------  -----  ---------  --------  ----------  --------------  -------------------
/opt/airflow/dags/process_files.py                           1           0  0.28s           2022-07-21T01:27:29
================================================================================
[2022-07-21 01:28:09,070] {manager.py:809} INFO - 
================================================================================
DAG File Processing Stats

File Path                           PID    Runtime      # DAGs    # Errors  Last Runtime    Last Run
----------------------------------  -----  ---------  --------  ----------  --------------  -------------------
/opt/airflow/dags/process_files.py                           1           0  0.20s           2022-07-21T01:28:00
================================================================================
[2022-07-21 01:28:39,302] {manager.py:809} INFO - 
================================================================================
DAG File Processing Stats

File Path                           PID    Runtime      # DAGs    # Errors  Last Runtime    Last Run
----------------------------------  -----  ---------  --------  ----------  --------------  -------------------
/opt/airflow/dags/process_files.py                           1           0  0.21s           2022-07-21T01:28:30
================================================================================
[2022-07-21 01:29:09,549] {manager.py:809} INFO - 
================================================================================
DAG File Processing Stats

File Path                           PID    Runtime      # DAGs    # Errors  Last Runtime    Last Run
----------------------------------  -----  ---------  --------  ----------  --------------  -------------------
/opt/airflow/dags/process_files.py                           1           0  0.21s           2022-07-21T01:29:00
================================================================================
[2022-07-21 01:29:39,799] {manager.py:809} INFO - 
================================================================================
DAG File Processing Stats

File Path                           PID    Runtime      # DAGs    # Errors  Last Runtime    Last Run
----------------------------------  -----  ---------  --------  ----------  --------------  -------------------
/opt/airflow/dags/process_files.py                           1           0  0.28s           2022-07-21T01:29:31
================================================================================
[2022-07-21 01:30:10,122] {manager.py:809} INFO - 
================================================================================
DAG File Processing Stats

File Path                           PID    Runtime      # DAGs    # Errors  Last Runtime    Last Run
----------------------------------  -----  ---------  --------  ----------  --------------  -------------------
/opt/airflow/dags/process_files.py                           1           0  0.22s           2022-07-21T01:30:01
================================================================================
[2022-07-21 01:30:31,160] {manager.py:690} INFO - Searching for files in /opt/airflow/dags
[2022-07-21 01:30:31,162] {manager.py:693} INFO - There are 1 files in /opt/airflow/dags
[2022-07-21 01:30:40,382] {manager.py:809} INFO - 
================================================================================
DAG File Processing Stats

File Path                           PID    Runtime      # DAGs    # Errors  Last Runtime    Last Run
----------------------------------  -----  ---------  --------  ----------  --------------  -------------------
/opt/airflow/dags/process_files.py                           1           0  0.21s           2022-07-21T01:30:31
================================================================================
[2022-07-21 01:31:10,648] {manager.py:809} INFO - 
================================================================================
DAG File Processing Stats

File Path                           PID    Runtime      # DAGs    # Errors  Last Runtime    Last Run
----------------------------------  -----  ---------  --------  ----------  --------------  -------------------
/opt/airflow/dags/process_files.py                           1           0  0.23s           2022-07-21T01:31:01
================================================================================
[2022-07-21 01:31:40,893] {manager.py:809} INFO - 
================================================================================
DAG File Processing Stats

File Path                           PID    Runtime      # DAGs    # Errors  Last Runtime    Last Run
----------------------------------  -----  ---------  --------  ----------  --------------  -------------------
/opt/airflow/dags/process_files.py                           1           0  0.21s           2022-07-21T01:31:32
================================================================================
[2022-07-21 01:32:11,137] {manager.py:809} INFO - 
================================================================================
DAG File Processing Stats

File Path                           PID    Runtime      # DAGs    # Errors  Last Runtime    Last Run
----------------------------------  -----  ---------  --------  ----------  --------------  -------------------
/opt/airflow/dags/process_files.py                           1           0  0.21s           2022-07-21T01:32:02
================================================================================
[2022-07-21 01:32:41,381] {manager.py:809} INFO - 
================================================================================
DAG File Processing Stats

File Path                           PID    Runtime      # DAGs    # Errors  Last Runtime    Last Run
----------------------------------  -----  ---------  --------  ----------  --------------  -------------------
/opt/airflow/dags/process_files.py                           1           0  0.20s           2022-07-21T01:32:32
================================================================================
[2022-07-21 01:33:11,610] {manager.py:809} INFO - 
================================================================================
DAG File Processing Stats

File Path                           PID    Runtime      # DAGs    # Errors  Last Runtime    Last Run
----------------------------------  -----  ---------  --------  ----------  --------------  -------------------
/opt/airflow/dags/process_files.py                           1           0  0.20s           2022-07-21T01:33:02
================================================================================
[2022-07-21 01:33:41,849] {manager.py:809} INFO - 
================================================================================
DAG File Processing Stats

File Path                           PID    Runtime      # DAGs    # Errors  Last Runtime    Last Run
----------------------------------  -----  ---------  --------  ----------  --------------  -------------------
/opt/airflow/dags/process_files.py                           1           0  0.21s           2022-07-21T01:33:33
================================================================================
[2022-07-21 01:34:12,092] {manager.py:809} INFO - 
================================================================================
DAG File Processing Stats

File Path                           PID    Runtime      # DAGs    # Errors  Last Runtime    Last Run
----------------------------------  -----  ---------  --------  ----------  --------------  -------------------
/opt/airflow/dags/process_files.py                           1           0  0.20s           2022-07-21T01:34:03
================================================================================
[2022-07-21 01:34:42,324] {manager.py:809} INFO - 
================================================================================
DAG File Processing Stats

File Path                           PID    Runtime      # DAGs    # Errors  Last Runtime    Last Run
----------------------------------  -----  ---------  --------  ----------  --------------  -------------------
/opt/airflow/dags/process_files.py                           1           0  0.20s           2022-07-21T01:34:33
================================================================================
[2022-07-21 01:35:12,560] {manager.py:809} INFO - 
================================================================================
DAG File Processing Stats

File Path                           PID    Runtime      # DAGs    # Errors  Last Runtime    Last Run
----------------------------------  -----  ---------  --------  ----------  --------------  -------------------
/opt/airflow/dags/process_files.py                           1           0  0.21s           2022-07-21T01:35:03
================================================================================
[2022-07-21 01:35:31,596] {manager.py:690} INFO - Searching for files in /opt/airflow/dags
[2022-07-21 01:35:31,598] {manager.py:693} INFO - There are 1 files in /opt/airflow/dags
[2022-07-21 01:35:42,806] {manager.py:809} INFO - 
================================================================================
DAG File Processing Stats

File Path                           PID    Runtime      # DAGs    # Errors  Last Runtime    Last Run
----------------------------------  -----  ---------  --------  ----------  --------------  -------------------
/opt/airflow/dags/process_files.py                           1           0  0.20s           2022-07-21T01:35:33
================================================================================
[2022-07-21 01:36:13,044] {manager.py:809} INFO - 
================================================================================
DAG File Processing Stats

File Path                           PID    Runtime      # DAGs    # Errors  Last Runtime    Last Run
----------------------------------  -----  ---------  --------  ----------  --------------  -------------------
/opt/airflow/dags/process_files.py                           1           0  0.24s           2022-07-21T01:36:04
================================================================================
[2022-07-21 01:36:43,325] {manager.py:809} INFO - 
================================================================================
DAG File Processing Stats

File Path                           PID    Runtime      # DAGs    # Errors  Last Runtime    Last Run
----------------------------------  -----  ---------  --------  ----------  --------------  -------------------
/opt/airflow/dags/process_files.py                           1           0  0.23s           2022-07-21T01:36:34
================================================================================
[2022-07-21 01:37:13,594] {manager.py:809} INFO - 
================================================================================
DAG File Processing Stats

File Path                           PID    Runtime      # DAGs    # Errors  Last Runtime    Last Run
----------------------------------  -----  ---------  --------  ----------  --------------  -------------------
/opt/airflow/dags/process_files.py                           1           0  0.26s           2022-07-21T01:37:04
================================================================================
[2022-07-21 01:37:43,889] {manager.py:809} INFO - 
================================================================================
DAG File Processing Stats

File Path                           PID    Runtime      # DAGs    # Errors  Last Runtime    Last Run
----------------------------------  -----  ---------  --------  ----------  --------------  -------------------
/opt/airflow/dags/process_files.py                           1           0  0.20s           2022-07-21T01:37:35
================================================================================
[2022-07-21 01:38:14,121] {manager.py:809} INFO - 
================================================================================
DAG File Processing Stats

File Path                           PID    Runtime      # DAGs    # Errors  Last Runtime    Last Run
----------------------------------  -----  ---------  --------  ----------  --------------  -------------------
/opt/airflow/dags/process_files.py                           1           0  0.21s           2022-07-21T01:38:05
================================================================================
[2022-07-21 01:38:44,370] {manager.py:809} INFO - 
================================================================================
DAG File Processing Stats

File Path                           PID    Runtime      # DAGs    # Errors  Last Runtime    Last Run
----------------------------------  -----  ---------  --------  ----------  --------------  -------------------
/opt/airflow/dags/process_files.py                           1           0  0.20s           2022-07-21T01:38:35
================================================================================
[2022-07-21 01:39:14,621] {manager.py:809} INFO - 
================================================================================
DAG File Processing Stats

File Path                           PID    Runtime      # DAGs    # Errors  Last Runtime    Last Run
----------------------------------  -----  ---------  --------  ----------  --------------  -------------------
/opt/airflow/dags/process_files.py                           1           0  0.30s           2022-07-21T01:39:05
================================================================================
[2022-07-21 01:39:44,963] {manager.py:809} INFO - 
================================================================================
DAG File Processing Stats

File Path                           PID    Runtime      # DAGs    # Errors  Last Runtime    Last Run
----------------------------------  -----  ---------  --------  ----------  --------------  -------------------
/opt/airflow/dags/process_files.py                           1           0  0.28s           2022-07-21T01:39:36
================================================================================
[2022-07-21 01:40:15,287] {manager.py:809} INFO - 
================================================================================
DAG File Processing Stats

File Path                           PID    Runtime      # DAGs    # Errors  Last Runtime    Last Run
----------------------------------  -----  ---------  --------  ----------  --------------  -------------------
/opt/airflow/dags/process_files.py                           1           0  0.26s           2022-07-21T01:40:06
================================================================================
[2022-07-21 01:40:32,323] {manager.py:690} INFO - Searching for files in /opt/airflow/dags
[2022-07-21 01:40:32,324] {manager.py:693} INFO - There are 1 files in /opt/airflow/dags
[2022-07-21 01:40:45,585] {manager.py:809} INFO - 
================================================================================
DAG File Processing Stats

File Path                           PID    Runtime      # DAGs    # Errors  Last Runtime    Last Run
----------------------------------  -----  ---------  --------  ----------  --------------  -------------------
/opt/airflow/dags/process_files.py                           1           0  0.23s           2022-07-21T01:40:36
================================================================================
[2022-07-21 01:41:15,858] {manager.py:809} INFO - 
================================================================================
DAG File Processing Stats

File Path                           PID    Runtime      # DAGs    # Errors  Last Runtime    Last Run
----------------------------------  -----  ---------  --------  ----------  --------------  -------------------
/opt/airflow/dags/process_files.py                           1           0  0.25s           2022-07-21T01:41:07
================================================================================
[2022-07-21 01:41:46,154] {manager.py:809} INFO - 
================================================================================
DAG File Processing Stats

File Path                           PID    Runtime      # DAGs    # Errors  Last Runtime    Last Run
----------------------------------  -----  ---------  --------  ----------  --------------  -------------------
/opt/airflow/dags/process_files.py                           1           0  0.31s           2022-07-21T01:41:37
================================================================================
[2022-07-21 01:42:16,512] {manager.py:809} INFO - 
================================================================================
DAG File Processing Stats

File Path                           PID    Runtime      # DAGs    # Errors  Last Runtime    Last Run
----------------------------------  -----  ---------  --------  ----------  --------------  -------------------
/opt/airflow/dags/process_files.py                           1           0  0.27s           2022-07-21T01:42:07
================================================================================
[2022-07-21 01:42:46,841] {manager.py:809} INFO - 
================================================================================
DAG File Processing Stats

File Path                           PID    Runtime      # DAGs    # Errors  Last Runtime    Last Run
----------------------------------  -----  ---------  --------  ----------  --------------  -------------------
/opt/airflow/dags/process_files.py                           1           0  0.27s           2022-07-21T01:42:25
================================================================================
[2022-07-21 01:43:17,143] {manager.py:809} INFO - 
================================================================================
DAG File Processing Stats

File Path                           PID    Runtime      # DAGs    # Errors  Last Runtime    Last Run
----------------------------------  -----  ---------  --------  ----------  --------------  -------------------
/opt/airflow/dags/process_files.py                           1           0  0.20s           2022-07-21T01:42:55
================================================================================
[2022-07-21 01:43:47,383] {manager.py:809} INFO - 
================================================================================
DAG File Processing Stats

File Path                           PID    Runtime      # DAGs    # Errors  Last Runtime    Last Run
----------------------------------  -----  ---------  --------  ----------  --------------  -------------------
/opt/airflow/dags/process_files.py                           1           0  0.23s           2022-07-21T01:43:25
================================================================================
[2022-07-21 01:44:17,640] {manager.py:809} INFO - 
================================================================================
DAG File Processing Stats

File Path                           PID    Runtime      # DAGs    # Errors  Last Runtime    Last Run
----------------------------------  -----  ---------  --------  ----------  --------------  -------------------
/opt/airflow/dags/process_files.py                           1           0  0.23s           2022-07-21T01:43:55
================================================================================
[2022-07-21 01:44:47,908] {manager.py:809} INFO - 
================================================================================
DAG File Processing Stats

File Path                           PID    Runtime      # DAGs    # Errors  Last Runtime    Last Run
----------------------------------  -----  ---------  --------  ----------  --------------  -------------------
/opt/airflow/dags/process_files.py                           1           0  0.21s           2022-07-21T01:44:26
================================================================================
[2022-07-21 01:45:18,150] {manager.py:809} INFO - 
================================================================================
DAG File Processing Stats

File Path                           PID    Runtime      # DAGs    # Errors  Last Runtime    Last Run
----------------------------------  -----  ---------  --------  ----------  --------------  -------------------
/opt/airflow/dags/process_files.py                           1           0  0.22s           2022-07-21T01:44:56
================================================================================
[2022-07-21 01:45:32,369] {manager.py:690} INFO - Searching for files in /opt/airflow/dags
[2022-07-21 01:45:32,371] {manager.py:693} INFO - There are 1 files in /opt/airflow/dags
[2022-07-21 01:45:48,412] {manager.py:809} INFO - 
================================================================================
DAG File Processing Stats

File Path                           PID    Runtime      # DAGs    # Errors  Last Runtime    Last Run
----------------------------------  -----  ---------  --------  ----------  --------------  -------------------
/opt/airflow/dags/process_files.py                           1           0  0.21s           2022-07-21T01:45:26
================================================================================
[2022-07-21 01:46:18,641] {manager.py:809} INFO - 
================================================================================
DAG File Processing Stats

File Path                           PID    Runtime      # DAGs    # Errors  Last Runtime    Last Run
----------------------------------  -----  ---------  --------  ----------  --------------  -------------------
/opt/airflow/dags/process_files.py                           1           0  0.21s           2022-07-21T01:45:56
================================================================================
[2022-07-21 01:46:48,889] {manager.py:809} INFO - 
================================================================================
DAG File Processing Stats

File Path                           PID    Runtime      # DAGs    # Errors  Last Runtime    Last Run
----------------------------------  -----  ---------  --------  ----------  --------------  -------------------
/opt/airflow/dags/process_files.py                           1           0  0.20s           2022-07-21T01:46:27
================================================================================
[2022-07-21 01:47:19,116] {manager.py:809} INFO - 
================================================================================
DAG File Processing Stats

File Path                           PID    Runtime      # DAGs    # Errors  Last Runtime    Last Run
----------------------------------  -----  ---------  --------  ----------  --------------  -------------------
/opt/airflow/dags/process_files.py                           1           0  0.20s           2022-07-21T01:46:57
================================================================================
[2022-07-21 01:47:49,355] {manager.py:809} INFO - 
================================================================================
DAG File Processing Stats

File Path                           PID    Runtime      # DAGs    # Errors  Last Runtime    Last Run
----------------------------------  -----  ---------  --------  ----------  --------------  -------------------
/opt/airflow/dags/process_files.py                           1           0  0.20s           2022-07-21T01:47:27
================================================================================
[2022-07-21 01:48:19,590] {manager.py:809} INFO - 
================================================================================
DAG File Processing Stats

File Path                           PID    Runtime      # DAGs    # Errors  Last Runtime    Last Run
----------------------------------  -----  ---------  --------  ----------  --------------  -------------------
/opt/airflow/dags/process_files.py                           1           0  0.27s           2022-07-21T01:47:57
================================================================================
[2022-07-21 01:48:49,904] {manager.py:809} INFO - 
================================================================================
DAG File Processing Stats

File Path                           PID    Runtime      # DAGs    # Errors  Last Runtime    Last Run
----------------------------------  -----  ---------  --------  ----------  --------------  -------------------
/opt/airflow/dags/process_files.py                           1           0  0.20s           2022-07-21T01:48:28
================================================================================
[2022-07-21 01:49:20,130] {manager.py:809} INFO - 
================================================================================
DAG File Processing Stats

File Path                           PID    Runtime      # DAGs    # Errors  Last Runtime    Last Run
----------------------------------  -----  ---------  --------  ----------  --------------  -------------------
/opt/airflow/dags/process_files.py                           1           0  0.21s           2022-07-21T01:48:58
================================================================================
[2022-07-21 01:49:50,382] {manager.py:809} INFO - 
================================================================================
DAG File Processing Stats

File Path                           PID    Runtime      # DAGs    # Errors  Last Runtime    Last Run
----------------------------------  -----  ---------  --------  ----------  --------------  -------------------
/opt/airflow/dags/process_files.py                           1           0  0.20s           2022-07-21T01:49:28
================================================================================
[2022-07-21 01:50:20,620] {manager.py:809} INFO - 
================================================================================
DAG File Processing Stats

File Path                           PID    Runtime      # DAGs    # Errors  Last Runtime    Last Run
----------------------------------  -----  ---------  --------  ----------  --------------  -------------------
/opt/airflow/dags/process_files.py                           1           0  0.21s           2022-07-21T01:49:58
================================================================================
[2022-07-21 01:50:32,834] {manager.py:690} INFO - Searching for files in /opt/airflow/dags
[2022-07-21 01:50:32,835] {manager.py:693} INFO - There are 1 files in /opt/airflow/dags
[2022-07-21 01:50:50,881] {manager.py:809} INFO - 
================================================================================
DAG File Processing Stats

File Path                           PID    Runtime      # DAGs    # Errors  Last Runtime    Last Run
----------------------------------  -----  ---------  --------  ----------  --------------  -------------------
/opt/airflow/dags/process_files.py                           1           0  0.22s           2022-07-21T01:50:29
================================================================================
[2022-07-21 01:51:21,122] {manager.py:809} INFO - 
================================================================================
DAG File Processing Stats

File Path                           PID    Runtime      # DAGs    # Errors  Last Runtime    Last Run
----------------------------------  -----  ---------  --------  ----------  --------------  -------------------
/opt/airflow/dags/process_files.py                           1           0  0.20s           2022-07-21T01:50:59
================================================================================
[2022-07-21 01:51:51,364] {manager.py:809} INFO - 
================================================================================
DAG File Processing Stats

File Path                           PID    Runtime      # DAGs    # Errors  Last Runtime    Last Run
----------------------------------  -----  ---------  --------  ----------  --------------  -------------------
/opt/airflow/dags/process_files.py                           1           0  0.21s           2022-07-21T01:51:29
================================================================================
[2022-07-21 01:52:21,631] {manager.py:809} INFO - 
================================================================================
DAG File Processing Stats

File Path                           PID    Runtime      # DAGs    # Errors  Last Runtime    Last Run
----------------------------------  -----  ---------  --------  ----------  --------------  -------------------
/opt/airflow/dags/process_files.py                           1           0  0.24s           2022-07-21T01:51:59
================================================================================
